2025-06-22 20:50:39,047 - engineio.server - INFO - Server initialized for asgi.
2025-06-22 20:50:39,049 - src.models.model - INFO - Loaded SVD model
2025-06-22 20:50:39,061 - src.models.model - INFO - Loaded TF-IDF vectorizer
2025-06-22 20:50:39,062 - src.models.model - INFO - Loaded context model
2025-06-22 20:50:39,063 - src.models.model - INFO - Loaded item features
2025-06-22 20:50:39,085 - src.models.model - INFO - Loaded item ID to index mapping
2025-06-22 20:50:39,100 - src.models.model - INFO - Loaded user ID to index mapping
2025-06-22 20:50:39,112 - src.models.model - INFO - Loaded items dataframe
2025-06-22 20:50:39,114 - src.models.model - INFO - Loaded user factors
2025-06-22 20:50:39,116 - src.models.model - INFO - Loaded item factors
2025-06-22 20:50:39,228 - src.models.model - INFO - Loaded user-item matrix
2025-06-22 20:50:39,229 - src.models.model - INFO - Loaded 5001 user IDs
2025-06-22 20:50:39,229 - src.models.model - INFO - Loaded 7696 item IDs
2025-06-22 20:50:39,239 - src.api.main - INFO - Starting interaction processing thread
2025-06-22 20:50:39,250 - src.api.main - INFO - Starting API server...
2025-06-22 20:50:39,250 - src.database.database - INFO - Initializing database...
2025-06-22 20:50:39,278 - src.database.database - INFO - Database initialized successfully.
2025-06-22 20:50:39,279 - src.database.database - INFO - Loading data from CSV files into the database...
2025-06-22 20:50:39,319 - src.database.database - INFO - Loaded 8214 movies from CSV
2025-06-22 20:50:39,521 - src.database.database - INFO - Movies data loaded into database
2025-06-22 20:50:39,745 - src.database.database - INFO - Loaded 496052 interactions from CSV
2025-06-22 20:50:39,745 - src.database.database - INFO - Processing interactions batch 1 to 1000 of 496052
2025-06-22 20:50:39,893 - src.database.database - INFO - Processing interactions batch 1001 to 2000 of 496052
2025-06-22 20:50:40,032 - src.database.database - INFO - Processing interactions batch 2001 to 3000 of 496052
2025-06-22 20:50:40,177 - src.database.database - INFO - Processing interactions batch 3001 to 4000 of 496052
2025-06-22 20:50:40,316 - src.database.database - INFO - Processing interactions batch 4001 to 5000 of 496052
2025-06-22 20:50:40,466 - src.database.database - INFO - Processing interactions batch 5001 to 6000 of 496052
2025-06-22 20:50:40,599 - src.database.database - INFO - Processing interactions batch 6001 to 7000 of 496052
2025-06-22 20:50:40,751 - src.database.database - INFO - Processing interactions batch 7001 to 8000 of 496052
2025-06-22 20:50:40,887 - src.database.database - INFO - Processing interactions batch 8001 to 9000 of 496052
2025-06-22 20:50:41,025 - src.database.database - INFO - Processing interactions batch 9001 to 10000 of 496052
2025-06-22 20:50:41,170 - src.database.database - INFO - Processing interactions batch 10001 to 11000 of 496052
2025-06-22 20:50:41,313 - src.database.database - INFO - Processing interactions batch 11001 to 12000 of 496052
2025-06-22 20:50:41,462 - src.database.database - INFO - Processing interactions batch 12001 to 13000 of 496052
2025-06-22 20:50:41,604 - src.database.database - INFO - Processing interactions batch 13001 to 14000 of 496052
2025-06-22 20:50:41,743 - src.database.database - INFO - Processing interactions batch 14001 to 15000 of 496052
2025-06-22 20:50:41,895 - src.database.database - INFO - Processing interactions batch 15001 to 16000 of 496052
2025-06-22 20:50:42,043 - src.database.database - INFO - Processing interactions batch 16001 to 17000 of 496052
2025-06-22 20:50:42,186 - src.database.database - INFO - Processing interactions batch 17001 to 18000 of 496052
2025-06-22 20:50:42,329 - src.database.database - INFO - Processing interactions batch 18001 to 19000 of 496052
2025-06-22 20:50:42,454 - src.database.database - INFO - Processing interactions batch 19001 to 20000 of 496052
2025-06-22 20:50:42,583 - src.database.database - INFO - Processing interactions batch 20001 to 21000 of 496052
2025-06-22 20:50:42,731 - src.database.database - INFO - Processing interactions batch 21001 to 22000 of 496052
2025-06-22 20:50:42,881 - src.database.database - INFO - Processing interactions batch 22001 to 23000 of 496052
2025-06-22 20:50:43,021 - src.database.database - INFO - Processing interactions batch 23001 to 24000 of 496052
2025-06-22 20:50:43,166 - src.database.database - INFO - Processing interactions batch 24001 to 25000 of 496052
2025-06-22 20:50:43,314 - src.database.database - INFO - Processing interactions batch 25001 to 26000 of 496052
2025-06-22 20:50:43,463 - src.database.database - INFO - Processing interactions batch 26001 to 27000 of 496052
2025-06-22 20:50:43,609 - src.database.database - INFO - Processing interactions batch 27001 to 28000 of 496052
2025-06-22 20:50:43,745 - src.database.database - INFO - Processing interactions batch 28001 to 29000 of 496052
2025-06-22 20:50:43,893 - src.database.database - INFO - Processing interactions batch 29001 to 30000 of 496052
2025-06-22 20:50:44,036 - src.database.database - INFO - Processing interactions batch 30001 to 31000 of 496052
2025-06-22 20:50:44,181 - src.database.database - INFO - Processing interactions batch 31001 to 32000 of 496052
2025-06-22 20:50:44,328 - src.database.database - INFO - Processing interactions batch 32001 to 33000 of 496052
2025-06-22 20:50:44,466 - src.database.database - INFO - Processing interactions batch 33001 to 34000 of 496052
2025-06-22 20:50:44,607 - src.database.database - INFO - Processing interactions batch 34001 to 35000 of 496052
2025-06-22 20:50:44,748 - src.database.database - INFO - Processing interactions batch 35001 to 36000 of 496052
2025-06-22 20:50:44,888 - src.database.database - INFO - Processing interactions batch 36001 to 37000 of 496052
2025-06-22 20:50:45,034 - src.database.database - INFO - Processing interactions batch 37001 to 38000 of 496052
2025-06-22 20:50:45,160 - src.database.database - INFO - Processing interactions batch 38001 to 39000 of 496052
2025-06-22 20:50:45,304 - src.database.database - INFO - Processing interactions batch 39001 to 40000 of 496052
2025-06-22 20:50:45,433 - src.database.database - INFO - Processing interactions batch 40001 to 41000 of 496052
2025-06-22 20:50:45,575 - src.database.database - INFO - Processing interactions batch 41001 to 42000 of 496052
2025-06-22 20:50:45,714 - src.database.database - INFO - Processing interactions batch 42001 to 43000 of 496052
2025-06-22 20:50:45,840 - src.database.database - INFO - Processing interactions batch 43001 to 44000 of 496052
2025-06-22 20:50:45,977 - src.database.database - INFO - Processing interactions batch 44001 to 45000 of 496052
2025-06-22 20:50:46,110 - src.database.database - INFO - Processing interactions batch 45001 to 46000 of 496052
2025-06-22 20:50:46,244 - src.database.database - INFO - Processing interactions batch 46001 to 47000 of 496052
2025-06-22 20:50:46,383 - src.database.database - INFO - Processing interactions batch 47001 to 48000 of 496052
2025-06-22 20:50:46,518 - src.database.database - INFO - Processing interactions batch 48001 to 49000 of 496052
2025-06-22 20:50:46,652 - src.database.database - INFO - Processing interactions batch 49001 to 50000 of 496052
2025-06-22 20:50:46,781 - src.database.database - INFO - Processing interactions batch 50001 to 51000 of 496052
2025-06-22 20:50:46,911 - src.database.database - INFO - Processing interactions batch 51001 to 52000 of 496052
2025-06-22 20:50:47,047 - src.database.database - INFO - Processing interactions batch 52001 to 53000 of 496052
2025-06-22 20:50:47,171 - src.database.database - INFO - Processing interactions batch 53001 to 54000 of 496052
2025-06-22 20:50:47,318 - src.database.database - INFO - Processing interactions batch 54001 to 55000 of 496052
2025-06-22 20:50:47,471 - src.database.database - INFO - Processing interactions batch 55001 to 56000 of 496052
2025-06-22 20:50:47,608 - src.database.database - INFO - Processing interactions batch 56001 to 57000 of 496052
2025-06-22 20:50:47,745 - src.database.database - INFO - Processing interactions batch 57001 to 58000 of 496052
2025-06-22 20:50:47,887 - src.database.database - INFO - Processing interactions batch 58001 to 59000 of 496052
2025-06-22 20:50:48,016 - src.database.database - INFO - Processing interactions batch 59001 to 60000 of 496052
2025-06-22 20:50:48,156 - src.database.database - INFO - Processing interactions batch 60001 to 61000 of 496052
2025-06-22 20:50:48,298 - src.database.database - INFO - Processing interactions batch 61001 to 62000 of 496052
2025-06-22 20:50:48,437 - src.database.database - INFO - Processing interactions batch 62001 to 63000 of 496052
2025-06-22 20:50:48,581 - src.database.database - INFO - Processing interactions batch 63001 to 64000 of 496052
2025-06-22 20:50:48,711 - src.database.database - INFO - Processing interactions batch 64001 to 65000 of 496052
2025-06-22 20:50:48,857 - src.database.database - INFO - Processing interactions batch 65001 to 66000 of 496052
2025-06-22 20:50:48,999 - src.database.database - INFO - Processing interactions batch 66001 to 67000 of 496052
2025-06-22 20:50:49,138 - src.database.database - INFO - Processing interactions batch 67001 to 68000 of 496052
2025-06-22 20:50:49,254 - src.database.database - INFO - Processing interactions batch 68001 to 69000 of 496052
2025-06-22 20:50:49,404 - src.database.database - INFO - Processing interactions batch 69001 to 70000 of 496052
2025-06-22 20:50:49,544 - src.database.database - INFO - Processing interactions batch 70001 to 71000 of 496052
2025-06-22 20:50:49,679 - src.database.database - INFO - Processing interactions batch 71001 to 72000 of 496052
2025-06-22 20:50:49,808 - src.database.database - INFO - Processing interactions batch 72001 to 73000 of 496052
2025-06-22 20:50:49,958 - src.database.database - INFO - Processing interactions batch 73001 to 74000 of 496052
2025-06-22 20:50:50,098 - src.database.database - INFO - Processing interactions batch 74001 to 75000 of 496052
2025-06-22 20:50:50,235 - src.database.database - INFO - Processing interactions batch 75001 to 76000 of 496052
2025-06-22 20:50:50,362 - src.database.database - INFO - Processing interactions batch 76001 to 77000 of 496052
2025-06-22 20:50:50,511 - src.database.database - INFO - Processing interactions batch 77001 to 78000 of 496052
2025-06-22 20:50:50,626 - src.database.database - INFO - Processing interactions batch 78001 to 79000 of 496052
2025-06-22 20:50:50,775 - src.database.database - INFO - Processing interactions batch 79001 to 80000 of 496052
2025-06-22 20:50:50,885 - src.database.database - INFO - Processing interactions batch 80001 to 81000 of 496052
2025-06-22 20:50:51,047 - src.database.database - INFO - Processing interactions batch 81001 to 82000 of 496052
2025-06-22 20:50:51,212 - src.database.database - INFO - Processing interactions batch 82001 to 83000 of 496052
2025-06-22 20:50:51,352 - src.database.database - INFO - Processing interactions batch 83001 to 84000 of 496052
2025-06-22 20:50:51,486 - src.database.database - INFO - Processing interactions batch 84001 to 85000 of 496052
2025-06-22 20:50:51,635 - src.database.database - INFO - Processing interactions batch 85001 to 86000 of 496052
2025-06-22 20:50:51,784 - src.database.database - INFO - Processing interactions batch 86001 to 87000 of 496052
2025-06-22 20:50:51,913 - src.database.database - INFO - Processing interactions batch 87001 to 88000 of 496052
2025-06-22 20:50:52,053 - src.database.database - INFO - Processing interactions batch 88001 to 89000 of 496052
2025-06-22 20:50:52,300 - src.database.database - INFO - Processing interactions batch 89001 to 90000 of 496052
2025-06-22 20:50:52,443 - src.database.database - INFO - Processing interactions batch 90001 to 91000 of 496052
2025-06-22 20:50:52,588 - src.database.database - INFO - Processing interactions batch 91001 to 92000 of 496052
2025-06-22 20:50:52,708 - src.database.database - INFO - Processing interactions batch 92001 to 93000 of 496052
2025-06-22 20:50:52,864 - src.database.database - INFO - Processing interactions batch 93001 to 94000 of 496052
2025-06-22 20:50:53,014 - src.database.database - INFO - Processing interactions batch 94001 to 95000 of 496052
2025-06-22 20:50:53,181 - src.database.database - INFO - Processing interactions batch 95001 to 96000 of 496052
2025-06-22 20:50:53,322 - src.database.database - INFO - Processing interactions batch 96001 to 97000 of 496052
2025-06-22 20:50:53,498 - src.database.database - INFO - Processing interactions batch 97001 to 98000 of 496052
2025-06-22 20:50:53,672 - src.database.database - INFO - Processing interactions batch 98001 to 99000 of 496052
2025-06-22 20:50:53,818 - src.database.database - INFO - Processing interactions batch 99001 to 100000 of 496052
2025-06-22 20:50:53,969 - src.database.database - INFO - Processing interactions batch 100001 to 101000 of 496052
2025-06-22 20:50:54,121 - src.database.database - INFO - Processing interactions batch 101001 to 102000 of 496052
2025-06-22 20:50:54,261 - src.database.database - INFO - Processing interactions batch 102001 to 103000 of 496052
2025-06-22 20:50:54,401 - src.database.database - INFO - Processing interactions batch 103001 to 104000 of 496052
2025-06-22 20:50:54,554 - src.database.database - INFO - Processing interactions batch 104001 to 105000 of 496052
2025-06-22 20:50:54,703 - src.database.database - INFO - Processing interactions batch 105001 to 106000 of 496052
2025-06-22 20:50:54,861 - src.database.database - INFO - Processing interactions batch 106001 to 107000 of 496052
2025-06-22 20:50:55,013 - src.database.database - INFO - Processing interactions batch 107001 to 108000 of 496052
2025-06-22 20:50:55,164 - src.database.database - INFO - Processing interactions batch 108001 to 109000 of 496052
2025-06-22 20:50:55,317 - src.database.database - INFO - Processing interactions batch 109001 to 110000 of 496052
2025-06-22 20:50:55,461 - src.database.database - INFO - Processing interactions batch 110001 to 111000 of 496052
2025-06-22 20:50:55,607 - src.database.database - INFO - Processing interactions batch 111001 to 112000 of 496052
2025-06-22 20:50:55,765 - src.database.database - INFO - Processing interactions batch 112001 to 113000 of 496052
2025-06-22 20:50:55,906 - src.database.database - INFO - Processing interactions batch 113001 to 114000 of 496052
2025-06-22 20:50:56,092 - src.database.database - INFO - Processing interactions batch 114001 to 115000 of 496052
2025-06-22 20:50:56,224 - src.database.database - INFO - Processing interactions batch 115001 to 116000 of 496052
2025-06-22 20:50:56,345 - src.database.database - INFO - Processing interactions batch 116001 to 117000 of 496052
2025-06-22 20:50:56,486 - src.database.database - INFO - Processing interactions batch 117001 to 118000 of 496052
2025-06-22 20:50:56,628 - src.database.database - INFO - Processing interactions batch 118001 to 119000 of 496052
2025-06-22 20:50:56,750 - src.database.database - INFO - Processing interactions batch 119001 to 120000 of 496052
2025-06-22 20:50:56,906 - src.database.database - INFO - Processing interactions batch 120001 to 121000 of 496052
2025-06-22 20:50:57,050 - src.database.database - INFO - Processing interactions batch 121001 to 122000 of 496052
2025-06-22 20:50:57,268 - src.database.database - INFO - Processing interactions batch 122001 to 123000 of 496052
2025-06-22 20:50:58,141 - src.database.database - INFO - Processing interactions batch 123001 to 124000 of 496052
2025-06-22 20:50:58,522 - src.database.database - INFO - Processing interactions batch 124001 to 125000 of 496052
2025-06-22 20:50:58,873 - src.database.database - INFO - Processing interactions batch 125001 to 126000 of 496052
2025-06-22 20:50:59,265 - src.database.database - INFO - Processing interactions batch 126001 to 127000 of 496052
2025-06-22 20:50:59,648 - src.database.database - INFO - Processing interactions batch 127001 to 128000 of 496052
2025-06-22 20:51:00,012 - src.database.database - INFO - Processing interactions batch 128001 to 129000 of 496052
2025-06-22 20:51:00,371 - src.database.database - INFO - Processing interactions batch 129001 to 130000 of 496052
2025-06-22 20:51:00,770 - src.database.database - INFO - Processing interactions batch 130001 to 131000 of 496052
2025-06-22 20:51:01,235 - src.database.database - INFO - Processing interactions batch 131001 to 132000 of 496052
2025-06-22 20:51:01,596 - src.database.database - INFO - Processing interactions batch 132001 to 133000 of 496052
2025-06-22 20:51:01,988 - src.database.database - INFO - Processing interactions batch 133001 to 134000 of 496052
2025-06-22 20:51:02,334 - src.database.database - INFO - Processing interactions batch 134001 to 135000 of 496052
2025-06-22 20:51:02,992 - src.database.database - INFO - Processing interactions batch 135001 to 136000 of 496052
2025-06-22 20:51:04,163 - src.database.database - INFO - Processing interactions batch 136001 to 137000 of 496052
2025-06-22 20:51:05,496 - src.database.database - INFO - Processing interactions batch 137001 to 138000 of 496052
2025-06-22 20:51:06,791 - src.database.database - INFO - Processing interactions batch 138001 to 139000 of 496052
2025-06-22 20:51:07,553 - src.database.database - INFO - Processing interactions batch 139001 to 140000 of 496052
2025-06-22 20:51:08,258 - src.database.database - INFO - Processing interactions batch 140001 to 141000 of 496052
2025-06-22 20:51:08,797 - src.database.database - INFO - Processing interactions batch 141001 to 142000 of 496052
2025-06-22 20:51:08,951 - src.database.database - INFO - Processing interactions batch 142001 to 143000 of 496052
2025-06-22 20:51:09,160 - src.database.database - INFO - Processing interactions batch 143001 to 144000 of 496052
2025-06-22 20:51:09,293 - src.database.database - INFO - Processing interactions batch 144001 to 145000 of 496052
2025-06-22 20:51:09,421 - src.database.database - INFO - Processing interactions batch 145001 to 146000 of 496052
2025-06-22 20:51:09,565 - src.database.database - INFO - Processing interactions batch 146001 to 147000 of 496052
2025-06-22 20:51:09,700 - src.database.database - INFO - Processing interactions batch 147001 to 148000 of 496052
2025-06-22 20:51:09,849 - src.database.database - INFO - Processing interactions batch 148001 to 149000 of 496052
2025-06-22 20:51:10,027 - src.database.database - INFO - Processing interactions batch 149001 to 150000 of 496052
2025-06-22 20:51:10,162 - src.database.database - INFO - Processing interactions batch 150001 to 151000 of 496052
2025-06-22 20:51:10,292 - src.database.database - INFO - Processing interactions batch 151001 to 152000 of 496052
2025-06-22 20:51:10,414 - src.database.database - INFO - Processing interactions batch 152001 to 153000 of 496052
2025-06-22 20:51:10,567 - src.database.database - INFO - Processing interactions batch 153001 to 154000 of 496052
2025-06-22 20:51:10,732 - src.database.database - INFO - Processing interactions batch 154001 to 155000 of 496052
2025-06-22 20:51:10,877 - src.database.database - INFO - Processing interactions batch 155001 to 156000 of 496052
2025-06-22 20:51:11,026 - src.database.database - INFO - Processing interactions batch 156001 to 157000 of 496052
2025-06-22 20:51:11,165 - src.database.database - INFO - Processing interactions batch 157001 to 158000 of 496052
2025-06-22 20:51:11,326 - src.database.database - INFO - Processing interactions batch 158001 to 159000 of 496052
2025-06-22 20:51:11,456 - src.database.database - INFO - Processing interactions batch 159001 to 160000 of 496052
2025-06-22 20:51:11,591 - src.database.database - INFO - Processing interactions batch 160001 to 161000 of 496052
2025-06-22 20:51:11,749 - src.database.database - INFO - Processing interactions batch 161001 to 162000 of 496052
2025-06-22 20:51:11,895 - src.database.database - INFO - Processing interactions batch 162001 to 163000 of 496052
2025-06-22 20:51:12,045 - src.database.database - INFO - Processing interactions batch 163001 to 164000 of 496052
2025-06-22 20:51:12,222 - src.database.database - INFO - Processing interactions batch 164001 to 165000 of 496052
2025-06-22 20:51:12,352 - src.database.database - INFO - Processing interactions batch 165001 to 166000 of 496052
2025-06-22 20:51:12,479 - src.database.database - INFO - Processing interactions batch 166001 to 167000 of 496052
2025-06-22 20:51:12,606 - src.database.database - INFO - Processing interactions batch 167001 to 168000 of 496052
2025-06-22 20:51:12,741 - src.database.database - INFO - Processing interactions batch 168001 to 169000 of 496052
2025-06-22 20:51:12,890 - src.database.database - INFO - Processing interactions batch 169001 to 170000 of 496052
2025-06-22 20:51:13,046 - src.database.database - INFO - Processing interactions batch 170001 to 171000 of 496052
2025-06-22 20:51:13,185 - src.database.database - INFO - Processing interactions batch 171001 to 172000 of 496052
2025-06-22 20:51:13,330 - src.database.database - INFO - Processing interactions batch 172001 to 173000 of 496052
2025-06-22 20:51:13,472 - src.database.database - INFO - Processing interactions batch 173001 to 174000 of 496052
2025-06-22 20:51:13,610 - src.database.database - INFO - Processing interactions batch 174001 to 175000 of 496052
2025-06-22 20:51:13,751 - src.database.database - INFO - Processing interactions batch 175001 to 176000 of 496052
2025-06-22 20:51:13,872 - src.database.database - INFO - Processing interactions batch 176001 to 177000 of 496052
2025-06-22 20:51:14,010 - src.database.database - INFO - Processing interactions batch 177001 to 178000 of 496052
2025-06-22 20:51:14,150 - src.database.database - INFO - Processing interactions batch 178001 to 179000 of 496052
2025-06-22 20:51:14,286 - src.database.database - INFO - Processing interactions batch 179001 to 180000 of 496052
2025-06-22 20:51:14,426 - src.database.database - INFO - Processing interactions batch 180001 to 181000 of 496052
2025-06-22 20:51:14,568 - src.database.database - INFO - Processing interactions batch 181001 to 182000 of 496052
2025-06-22 20:51:14,716 - src.database.database - INFO - Processing interactions batch 182001 to 183000 of 496052
2025-06-22 20:51:14,845 - src.database.database - INFO - Processing interactions batch 183001 to 184000 of 496052
2025-06-22 20:51:14,995 - src.database.database - INFO - Processing interactions batch 184001 to 185000 of 496052
2025-06-22 20:51:15,149 - src.database.database - INFO - Processing interactions batch 185001 to 186000 of 496052
2025-06-22 20:51:15,292 - src.database.database - INFO - Processing interactions batch 186001 to 187000 of 496052
2025-06-22 20:51:15,431 - src.database.database - INFO - Processing interactions batch 187001 to 188000 of 496052
2025-06-22 20:51:15,585 - src.database.database - INFO - Processing interactions batch 188001 to 189000 of 496052
2025-06-22 20:51:15,715 - src.database.database - INFO - Processing interactions batch 189001 to 190000 of 496052
2025-06-22 20:51:15,864 - src.database.database - INFO - Processing interactions batch 190001 to 191000 of 496052
2025-06-22 20:51:16,031 - src.database.database - INFO - Processing interactions batch 191001 to 192000 of 496052
2025-06-22 20:51:16,185 - src.database.database - INFO - Processing interactions batch 192001 to 193000 of 496052
2025-06-22 20:51:16,334 - src.database.database - INFO - Processing interactions batch 193001 to 194000 of 496052
2025-06-22 20:51:16,483 - src.database.database - INFO - Processing interactions batch 194001 to 195000 of 496052
2025-06-22 20:51:16,609 - src.database.database - INFO - Processing interactions batch 195001 to 196000 of 496052
2025-06-22 20:51:16,752 - src.database.database - INFO - Processing interactions batch 196001 to 197000 of 496052
2025-06-22 20:51:16,899 - src.database.database - INFO - Processing interactions batch 197001 to 198000 of 496052
2025-06-22 20:51:17,031 - src.database.database - INFO - Processing interactions batch 198001 to 199000 of 496052
2025-06-22 20:51:17,200 - src.database.database - INFO - Processing interactions batch 199001 to 200000 of 496052
2025-06-22 20:51:17,346 - src.database.database - INFO - Processing interactions batch 200001 to 201000 of 496052
2025-06-22 20:51:17,486 - src.database.database - INFO - Processing interactions batch 201001 to 202000 of 496052
2025-06-22 20:51:17,644 - src.database.database - INFO - Processing interactions batch 202001 to 203000 of 496052
2025-06-22 20:51:17,797 - src.database.database - INFO - Processing interactions batch 203001 to 204000 of 496052
2025-06-22 20:51:17,935 - src.database.database - INFO - Processing interactions batch 204001 to 205000 of 496052
2025-06-22 20:51:18,082 - src.database.database - INFO - Processing interactions batch 205001 to 206000 of 496052
2025-06-22 20:51:18,222 - src.database.database - INFO - Processing interactions batch 206001 to 207000 of 496052
2025-06-22 20:51:18,355 - src.database.database - INFO - Processing interactions batch 207001 to 208000 of 496052
2025-06-22 20:51:18,544 - src.database.database - INFO - Processing interactions batch 208001 to 209000 of 496052
2025-06-22 20:51:18,690 - src.database.database - INFO - Processing interactions batch 209001 to 210000 of 496052
2025-06-22 20:51:18,826 - src.database.database - INFO - Processing interactions batch 210001 to 211000 of 496052
2025-06-22 20:51:18,977 - src.database.database - INFO - Processing interactions batch 211001 to 212000 of 496052
2025-06-22 20:51:19,109 - src.database.database - INFO - Processing interactions batch 212001 to 213000 of 496052
2025-06-22 20:51:19,254 - src.database.database - INFO - Processing interactions batch 213001 to 214000 of 496052
2025-06-22 20:51:19,406 - src.database.database - INFO - Processing interactions batch 214001 to 215000 of 496052
2025-06-22 20:51:19,543 - src.database.database - INFO - Processing interactions batch 215001 to 216000 of 496052
2025-06-22 20:51:19,691 - src.database.database - INFO - Processing interactions batch 216001 to 217000 of 496052
2025-06-22 20:51:19,841 - src.database.database - INFO - Processing interactions batch 217001 to 218000 of 496052
2025-06-22 20:51:19,983 - src.database.database - INFO - Processing interactions batch 218001 to 219000 of 496052
2025-06-22 20:51:20,133 - src.database.database - INFO - Processing interactions batch 219001 to 220000 of 496052
2025-06-22 20:51:20,308 - src.database.database - INFO - Processing interactions batch 220001 to 221000 of 496052
2025-06-22 20:51:20,458 - src.database.database - INFO - Processing interactions batch 221001 to 222000 of 496052
2025-06-22 20:51:20,623 - src.database.database - INFO - Processing interactions batch 222001 to 223000 of 496052
2025-06-22 20:51:20,760 - src.database.database - INFO - Processing interactions batch 223001 to 224000 of 496052
2025-06-22 20:51:20,901 - src.database.database - INFO - Processing interactions batch 224001 to 225000 of 496052
2025-06-22 20:51:21,050 - src.database.database - INFO - Processing interactions batch 225001 to 226000 of 496052
2025-06-22 20:51:21,195 - src.database.database - INFO - Processing interactions batch 226001 to 227000 of 496052
2025-06-22 20:51:21,336 - src.database.database - INFO - Processing interactions batch 227001 to 228000 of 496052
2025-06-22 20:51:21,484 - src.database.database - INFO - Processing interactions batch 228001 to 229000 of 496052
2025-06-22 20:51:21,631 - src.database.database - INFO - Processing interactions batch 229001 to 230000 of 496052
2025-06-22 20:51:21,837 - src.database.database - INFO - Processing interactions batch 230001 to 231000 of 496052
2025-06-22 20:51:22,012 - src.database.database - INFO - Processing interactions batch 231001 to 232000 of 496052
2025-06-22 20:51:22,183 - src.database.database - INFO - Processing interactions batch 232001 to 233000 of 496052
2025-06-22 20:51:22,333 - src.database.database - INFO - Processing interactions batch 233001 to 234000 of 496052
2025-06-22 20:51:22,476 - src.database.database - INFO - Processing interactions batch 234001 to 235000 of 496052
2025-06-22 20:51:22,627 - src.database.database - INFO - Processing interactions batch 235001 to 236000 of 496052
2025-06-22 20:51:22,770 - src.database.database - INFO - Processing interactions batch 236001 to 237000 of 496052
2025-06-22 20:51:22,908 - src.database.database - INFO - Processing interactions batch 237001 to 238000 of 496052
2025-06-22 20:51:23,103 - src.database.database - INFO - Processing interactions batch 238001 to 239000 of 496052
2025-06-22 20:51:23,238 - src.database.database - INFO - Processing interactions batch 239001 to 240000 of 496052
2025-06-22 20:51:23,391 - src.database.database - INFO - Processing interactions batch 240001 to 241000 of 496052
2025-06-22 20:51:23,530 - src.database.database - INFO - Processing interactions batch 241001 to 242000 of 496052
2025-06-22 20:51:23,667 - src.database.database - INFO - Processing interactions batch 242001 to 243000 of 496052
2025-06-22 20:51:23,821 - src.database.database - INFO - Processing interactions batch 243001 to 244000 of 496052
2025-06-22 20:51:23,979 - src.database.database - INFO - Processing interactions batch 244001 to 245000 of 496052
2025-06-22 20:51:24,110 - src.database.database - INFO - Processing interactions batch 245001 to 246000 of 496052
2025-06-22 20:51:24,252 - src.database.database - INFO - Processing interactions batch 246001 to 247000 of 496052
2025-06-22 20:51:24,389 - src.database.database - INFO - Processing interactions batch 247001 to 248000 of 496052
2025-06-22 20:51:24,538 - src.database.database - INFO - Processing interactions batch 248001 to 249000 of 496052
2025-06-22 20:51:24,691 - src.database.database - INFO - Processing interactions batch 249001 to 250000 of 496052
2025-06-22 20:51:24,832 - src.database.database - INFO - Processing interactions batch 250001 to 251000 of 496052
2025-06-22 20:51:24,965 - src.database.database - INFO - Processing interactions batch 251001 to 252000 of 496052
2025-06-22 20:51:25,126 - src.database.database - INFO - Processing interactions batch 252001 to 253000 of 496052
2025-06-22 20:51:25,264 - src.database.database - INFO - Processing interactions batch 253001 to 254000 of 496052
2025-06-22 20:51:25,395 - src.database.database - INFO - Processing interactions batch 254001 to 255000 of 496052
2025-06-22 20:51:25,533 - src.database.database - INFO - Processing interactions batch 255001 to 256000 of 496052
2025-06-22 20:51:25,662 - src.database.database - INFO - Processing interactions batch 256001 to 257000 of 496052
2025-06-22 20:51:25,809 - src.database.database - INFO - Processing interactions batch 257001 to 258000 of 496052
2025-06-22 20:51:25,966 - src.database.database - INFO - Processing interactions batch 258001 to 259000 of 496052
2025-06-22 20:51:26,098 - src.database.database - INFO - Processing interactions batch 259001 to 260000 of 496052
2025-06-22 20:51:26,230 - src.database.database - INFO - Processing interactions batch 260001 to 261000 of 496052
2025-06-22 20:51:26,350 - src.database.database - INFO - Processing interactions batch 261001 to 262000 of 496052
2025-06-22 20:51:26,486 - src.database.database - INFO - Processing interactions batch 262001 to 263000 of 496052
2025-06-22 20:51:26,631 - src.database.database - INFO - Processing interactions batch 263001 to 264000 of 496052
2025-06-22 20:51:26,764 - src.database.database - INFO - Processing interactions batch 264001 to 265000 of 496052
2025-06-22 20:51:26,914 - src.database.database - INFO - Processing interactions batch 265001 to 266000 of 496052
2025-06-22 20:51:27,050 - src.database.database - INFO - Processing interactions batch 266001 to 267000 of 496052
2025-06-22 20:51:27,178 - src.database.database - INFO - Processing interactions batch 267001 to 268000 of 496052
2025-06-22 20:51:27,310 - src.database.database - INFO - Processing interactions batch 268001 to 269000 of 496052
2025-06-22 20:51:27,446 - src.database.database - INFO - Processing interactions batch 269001 to 270000 of 496052
2025-06-22 20:51:27,590 - src.database.database - INFO - Processing interactions batch 270001 to 271000 of 496052
2025-06-22 20:51:27,749 - src.database.database - INFO - Processing interactions batch 271001 to 272000 of 496052
2025-06-22 20:51:27,894 - src.database.database - INFO - Processing interactions batch 272001 to 273000 of 496052
2025-06-22 20:51:28,021 - src.database.database - INFO - Processing interactions batch 273001 to 274000 of 496052
2025-06-22 20:51:28,167 - src.database.database - INFO - Processing interactions batch 274001 to 275000 of 496052
2025-06-22 20:51:28,311 - src.database.database - INFO - Processing interactions batch 275001 to 276000 of 496052
2025-06-22 20:51:28,450 - src.database.database - INFO - Processing interactions batch 276001 to 277000 of 496052
2025-06-22 20:51:28,596 - src.database.database - INFO - Processing interactions batch 277001 to 278000 of 496052
2025-06-22 20:51:28,737 - src.database.database - INFO - Processing interactions batch 278001 to 279000 of 496052
2025-06-22 20:51:28,877 - src.database.database - INFO - Processing interactions batch 279001 to 280000 of 496052
2025-06-22 20:51:29,009 - src.database.database - INFO - Processing interactions batch 280001 to 281000 of 496052
2025-06-22 20:51:29,154 - src.database.database - INFO - Processing interactions batch 281001 to 282000 of 496052
2025-06-22 20:51:29,295 - src.database.database - INFO - Processing interactions batch 282001 to 283000 of 496052
2025-06-22 20:51:29,442 - src.database.database - INFO - Processing interactions batch 283001 to 284000 of 496052
2025-06-22 20:51:29,586 - src.database.database - INFO - Processing interactions batch 284001 to 285000 of 496052
2025-06-22 20:51:29,736 - src.database.database - INFO - Processing interactions batch 285001 to 286000 of 496052
2025-06-22 20:51:29,895 - src.database.database - INFO - Processing interactions batch 286001 to 287000 of 496052
2025-06-22 20:51:30,044 - src.database.database - INFO - Processing interactions batch 287001 to 288000 of 496052
2025-06-22 20:51:30,185 - src.database.database - INFO - Processing interactions batch 288001 to 289000 of 496052
2025-06-22 20:51:30,313 - src.database.database - INFO - Processing interactions batch 289001 to 290000 of 496052
2025-06-22 20:51:30,461 - src.database.database - INFO - Processing interactions batch 290001 to 291000 of 496052
2025-06-22 20:51:30,593 - src.database.database - INFO - Processing interactions batch 291001 to 292000 of 496052
2025-06-22 20:51:30,749 - src.database.database - INFO - Processing interactions batch 292001 to 293000 of 496052
2025-06-22 20:51:30,905 - src.database.database - INFO - Processing interactions batch 293001 to 294000 of 496052
2025-06-22 20:51:31,060 - src.database.database - INFO - Processing interactions batch 294001 to 295000 of 496052
2025-06-22 20:51:31,207 - src.database.database - INFO - Processing interactions batch 295001 to 296000 of 496052
2025-06-22 20:51:31,368 - src.database.database - INFO - Processing interactions batch 296001 to 297000 of 496052
2025-06-22 20:51:31,516 - src.database.database - INFO - Processing interactions batch 297001 to 298000 of 496052
2025-06-22 20:51:31,651 - src.database.database - INFO - Processing interactions batch 298001 to 299000 of 496052
2025-06-22 20:51:31,795 - src.database.database - INFO - Processing interactions batch 299001 to 300000 of 496052
2025-06-22 20:51:31,941 - src.database.database - INFO - Processing interactions batch 300001 to 301000 of 496052
2025-06-22 20:51:32,092 - src.database.database - INFO - Processing interactions batch 301001 to 302000 of 496052
2025-06-22 20:51:32,257 - src.database.database - INFO - Processing interactions batch 302001 to 303000 of 496052
2025-06-22 20:51:32,410 - src.database.database - INFO - Processing interactions batch 303001 to 304000 of 496052
2025-06-22 20:51:32,568 - src.database.database - INFO - Processing interactions batch 304001 to 305000 of 496052
2025-06-22 20:51:32,737 - src.database.database - INFO - Processing interactions batch 305001 to 306000 of 496052
2025-06-22 20:51:32,894 - src.database.database - INFO - Processing interactions batch 306001 to 307000 of 496052
2025-06-22 20:51:33,040 - src.database.database - INFO - Processing interactions batch 307001 to 308000 of 496052
2025-06-22 20:51:33,200 - src.database.database - INFO - Processing interactions batch 308001 to 309000 of 496052
2025-06-22 20:51:33,347 - src.database.database - INFO - Processing interactions batch 309001 to 310000 of 496052
2025-06-22 20:51:33,495 - src.database.database - INFO - Processing interactions batch 310001 to 311000 of 496052
2025-06-22 20:51:33,633 - src.database.database - INFO - Processing interactions batch 311001 to 312000 of 496052
2025-06-22 20:51:33,787 - src.database.database - INFO - Processing interactions batch 312001 to 313000 of 496052
2025-06-22 20:51:33,932 - src.database.database - INFO - Processing interactions batch 313001 to 314000 of 496052
2025-06-22 20:51:34,087 - src.database.database - INFO - Processing interactions batch 314001 to 315000 of 496052
2025-06-22 20:51:34,232 - src.database.database - INFO - Processing interactions batch 315001 to 316000 of 496052
2025-06-22 20:51:34,389 - src.database.database - INFO - Processing interactions batch 316001 to 317000 of 496052
2025-06-22 20:51:34,532 - src.database.database - INFO - Processing interactions batch 317001 to 318000 of 496052
2025-06-22 20:51:34,669 - src.database.database - INFO - Processing interactions batch 318001 to 319000 of 496052
2025-06-22 20:51:34,824 - src.database.database - INFO - Processing interactions batch 319001 to 320000 of 496052
2025-06-22 20:51:34,972 - src.database.database - INFO - Processing interactions batch 320001 to 321000 of 496052
2025-06-22 20:51:35,123 - src.database.database - INFO - Processing interactions batch 321001 to 322000 of 496052
2025-06-22 20:51:35,262 - src.database.database - INFO - Processing interactions batch 322001 to 323000 of 496052
2025-06-22 20:51:35,418 - src.database.database - INFO - Processing interactions batch 323001 to 324000 of 496052
2025-06-22 20:51:35,548 - src.database.database - INFO - Processing interactions batch 324001 to 325000 of 496052
2025-06-22 20:51:35,696 - src.database.database - INFO - Processing interactions batch 325001 to 326000 of 496052
2025-06-22 20:51:35,836 - src.database.database - INFO - Processing interactions batch 326001 to 327000 of 496052
2025-06-22 20:51:35,977 - src.database.database - INFO - Processing interactions batch 327001 to 328000 of 496052
2025-06-22 20:51:36,130 - src.database.database - INFO - Processing interactions batch 328001 to 329000 of 496052
2025-06-22 20:51:36,287 - src.database.database - INFO - Processing interactions batch 329001 to 330000 of 496052
2025-06-22 20:51:36,444 - src.database.database - INFO - Processing interactions batch 330001 to 331000 of 496052
2025-06-22 20:51:36,591 - src.database.database - INFO - Processing interactions batch 331001 to 332000 of 496052
2025-06-22 20:51:36,748 - src.database.database - INFO - Processing interactions batch 332001 to 333000 of 496052
2025-06-22 20:51:36,907 - src.database.database - INFO - Processing interactions batch 333001 to 334000 of 496052
2025-06-22 20:51:37,042 - src.database.database - INFO - Processing interactions batch 334001 to 335000 of 496052
2025-06-22 20:51:37,189 - src.database.database - INFO - Processing interactions batch 335001 to 336000 of 496052
2025-06-22 20:51:37,330 - src.database.database - INFO - Processing interactions batch 336001 to 337000 of 496052
2025-06-22 20:51:37,493 - src.database.database - INFO - Processing interactions batch 337001 to 338000 of 496052
2025-06-22 20:51:37,644 - src.database.database - INFO - Processing interactions batch 338001 to 339000 of 496052
2025-06-22 20:51:37,801 - src.database.database - INFO - Processing interactions batch 339001 to 340000 of 496052
2025-06-22 20:51:37,991 - src.database.database - INFO - Processing interactions batch 340001 to 341000 of 496052
2025-06-22 20:51:38,131 - src.database.database - INFO - Processing interactions batch 341001 to 342000 of 496052
2025-06-22 20:51:38,279 - src.database.database - INFO - Processing interactions batch 342001 to 343000 of 496052
2025-06-22 20:51:38,436 - src.database.database - INFO - Processing interactions batch 343001 to 344000 of 496052
2025-06-22 20:51:38,578 - src.database.database - INFO - Processing interactions batch 344001 to 345000 of 496052
2025-06-22 20:51:38,728 - src.database.database - INFO - Processing interactions batch 345001 to 346000 of 496052
2025-06-22 20:51:38,877 - src.database.database - INFO - Processing interactions batch 346001 to 347000 of 496052
2025-06-22 20:51:39,006 - src.database.database - INFO - Processing interactions batch 347001 to 348000 of 496052
2025-06-22 20:51:39,143 - src.database.database - INFO - Processing interactions batch 348001 to 349000 of 496052
2025-06-22 20:51:39,287 - src.database.database - INFO - Processing interactions batch 349001 to 350000 of 496052
2025-06-22 20:51:39,435 - src.database.database - INFO - Processing interactions batch 350001 to 351000 of 496052
2025-06-22 20:51:39,573 - src.database.database - INFO - Processing interactions batch 351001 to 352000 of 496052
2025-06-22 20:51:39,706 - src.database.database - INFO - Processing interactions batch 352001 to 353000 of 496052
2025-06-22 20:51:39,843 - src.database.database - INFO - Processing interactions batch 353001 to 354000 of 496052
2025-06-22 20:51:39,983 - src.database.database - INFO - Processing interactions batch 354001 to 355000 of 496052
2025-06-22 20:51:40,120 - src.database.database - INFO - Processing interactions batch 355001 to 356000 of 496052
2025-06-22 20:51:40,256 - src.database.database - INFO - Processing interactions batch 356001 to 357000 of 496052
2025-06-22 20:51:40,404 - src.database.database - INFO - Processing interactions batch 357001 to 358000 of 496052
2025-06-22 20:51:40,540 - src.database.database - INFO - Processing interactions batch 358001 to 359000 of 496052
2025-06-22 20:51:40,665 - src.database.database - INFO - Processing interactions batch 359001 to 360000 of 496052
2025-06-22 20:51:40,800 - src.database.database - INFO - Processing interactions batch 360001 to 361000 of 496052
2025-06-22 20:51:40,939 - src.database.database - INFO - Processing interactions batch 361001 to 362000 of 496052
2025-06-22 20:51:41,086 - src.database.database - INFO - Processing interactions batch 362001 to 363000 of 496052
2025-06-22 20:51:41,222 - src.database.database - INFO - Processing interactions batch 363001 to 364000 of 496052
2025-06-22 20:51:41,362 - src.database.database - INFO - Processing interactions batch 364001 to 365000 of 496052
2025-06-22 20:51:41,495 - src.database.database - INFO - Processing interactions batch 365001 to 366000 of 496052
2025-06-22 20:51:41,634 - src.database.database - INFO - Processing interactions batch 366001 to 367000 of 496052
2025-06-22 20:51:41,777 - src.database.database - INFO - Processing interactions batch 367001 to 368000 of 496052
2025-06-22 20:51:41,928 - src.database.database - INFO - Processing interactions batch 368001 to 369000 of 496052
2025-06-22 20:51:42,071 - src.database.database - INFO - Processing interactions batch 369001 to 370000 of 496052
2025-06-22 20:51:42,236 - src.database.database - INFO - Processing interactions batch 370001 to 371000 of 496052
2025-06-22 20:51:42,385 - src.database.database - INFO - Processing interactions batch 371001 to 372000 of 496052
2025-06-22 20:51:42,534 - src.database.database - INFO - Processing interactions batch 372001 to 373000 of 496052
2025-06-22 20:51:42,690 - src.database.database - INFO - Processing interactions batch 373001 to 374000 of 496052
2025-06-22 20:51:42,836 - src.database.database - INFO - Processing interactions batch 374001 to 375000 of 496052
2025-06-22 20:51:42,983 - src.database.database - INFO - Processing interactions batch 375001 to 376000 of 496052
2025-06-22 20:51:43,125 - src.database.database - INFO - Processing interactions batch 376001 to 377000 of 496052
2025-06-22 20:51:43,295 - src.database.database - INFO - Processing interactions batch 377001 to 378000 of 496052
2025-06-22 20:51:43,441 - src.database.database - INFO - Processing interactions batch 378001 to 379000 of 496052
2025-06-22 20:51:43,578 - src.database.database - INFO - Processing interactions batch 379001 to 380000 of 496052
2025-06-22 20:51:43,716 - src.database.database - INFO - Processing interactions batch 380001 to 381000 of 496052
2025-06-22 20:51:43,849 - src.database.database - INFO - Processing interactions batch 381001 to 382000 of 496052
2025-06-22 20:51:43,994 - src.database.database - INFO - Processing interactions batch 382001 to 383000 of 496052
2025-06-22 20:51:44,140 - src.database.database - INFO - Processing interactions batch 383001 to 384000 of 496052
2025-06-22 20:51:44,279 - src.database.database - INFO - Processing interactions batch 384001 to 385000 of 496052
2025-06-22 20:51:44,419 - src.database.database - INFO - Processing interactions batch 385001 to 386000 of 496052
2025-06-22 20:51:44,559 - src.database.database - INFO - Processing interactions batch 386001 to 387000 of 496052
2025-06-22 20:51:44,704 - src.database.database - INFO - Processing interactions batch 387001 to 388000 of 496052
2025-06-22 20:51:44,844 - src.database.database - INFO - Processing interactions batch 388001 to 389000 of 496052
2025-06-22 20:51:44,982 - src.database.database - INFO - Processing interactions batch 389001 to 390000 of 496052
2025-06-22 20:51:45,111 - src.database.database - INFO - Processing interactions batch 390001 to 391000 of 496052
2025-06-22 20:51:45,259 - src.database.database - INFO - Processing interactions batch 391001 to 392000 of 496052
2025-06-22 20:51:45,394 - src.database.database - INFO - Processing interactions batch 392001 to 393000 of 496052
2025-06-22 20:51:45,525 - src.database.database - INFO - Processing interactions batch 393001 to 394000 of 496052
2025-06-22 20:51:45,668 - src.database.database - INFO - Processing interactions batch 394001 to 395000 of 496052
2025-06-22 20:51:45,804 - src.database.database - INFO - Processing interactions batch 395001 to 396000 of 496052
2025-06-22 20:51:45,945 - src.database.database - INFO - Processing interactions batch 396001 to 397000 of 496052
2025-06-22 20:51:46,091 - src.database.database - INFO - Processing interactions batch 397001 to 398000 of 496052
2025-06-22 20:51:46,230 - src.database.database - INFO - Processing interactions batch 398001 to 399000 of 496052
2025-06-22 20:51:46,365 - src.database.database - INFO - Processing interactions batch 399001 to 400000 of 496052
2025-06-22 20:51:46,508 - src.database.database - INFO - Processing interactions batch 400001 to 401000 of 496052
2025-06-22 20:51:46,686 - src.database.database - INFO - Processing interactions batch 401001 to 402000 of 496052
2025-06-22 20:51:46,832 - src.database.database - INFO - Processing interactions batch 402001 to 403000 of 496052
2025-06-22 20:51:46,975 - src.database.database - INFO - Processing interactions batch 403001 to 404000 of 496052
2025-06-22 20:51:47,124 - src.database.database - INFO - Processing interactions batch 404001 to 405000 of 496052
2025-06-22 20:51:47,299 - src.database.database - INFO - Processing interactions batch 405001 to 406000 of 496052
2025-06-22 20:51:47,454 - src.database.database - INFO - Processing interactions batch 406001 to 407000 of 496052
2025-06-22 20:51:47,598 - src.database.database - INFO - Processing interactions batch 407001 to 408000 of 496052
2025-06-22 20:51:47,739 - src.database.database - INFO - Processing interactions batch 408001 to 409000 of 496052
2025-06-22 20:51:47,897 - src.database.database - INFO - Processing interactions batch 409001 to 410000 of 496052
2025-06-22 20:51:48,051 - src.database.database - INFO - Processing interactions batch 410001 to 411000 of 496052
2025-06-22 20:51:48,263 - src.database.database - INFO - Processing interactions batch 411001 to 412000 of 496052
2025-06-22 20:51:48,426 - src.database.database - INFO - Processing interactions batch 412001 to 413000 of 496052
2025-06-22 20:51:48,577 - src.database.database - INFO - Processing interactions batch 413001 to 414000 of 496052
2025-06-22 20:51:48,718 - src.database.database - INFO - Processing interactions batch 414001 to 415000 of 496052
2025-06-22 20:51:48,872 - src.database.database - INFO - Processing interactions batch 415001 to 416000 of 496052
2025-06-22 20:51:49,038 - src.database.database - INFO - Processing interactions batch 416001 to 417000 of 496052
2025-06-22 20:51:49,198 - src.database.database - INFO - Processing interactions batch 417001 to 418000 of 496052
2025-06-22 20:51:49,345 - src.database.database - INFO - Processing interactions batch 418001 to 419000 of 496052
2025-06-22 20:51:49,491 - src.database.database - INFO - Processing interactions batch 419001 to 420000 of 496052
2025-06-22 20:51:49,623 - src.database.database - INFO - Processing interactions batch 420001 to 421000 of 496052
2025-06-22 20:51:49,776 - src.database.database - INFO - Processing interactions batch 421001 to 422000 of 496052
2025-06-22 20:51:49,993 - src.database.database - INFO - Processing interactions batch 422001 to 423000 of 496052
2025-06-22 20:51:50,149 - src.database.database - INFO - Processing interactions batch 423001 to 424000 of 496052
2025-06-22 20:51:50,309 - src.database.database - INFO - Processing interactions batch 424001 to 425000 of 496052
2025-06-22 20:51:50,502 - src.database.database - INFO - Processing interactions batch 425001 to 426000 of 496052
2025-06-22 20:51:50,621 - src.database.database - INFO - Processing interactions batch 426001 to 427000 of 496052
2025-06-22 20:51:50,771 - src.database.database - INFO - Processing interactions batch 427001 to 428000 of 496052
2025-06-22 20:51:50,937 - src.database.database - INFO - Processing interactions batch 428001 to 429000 of 496052
2025-06-22 20:51:51,090 - src.database.database - INFO - Processing interactions batch 429001 to 430000 of 496052
2025-06-22 20:51:51,238 - src.database.database - INFO - Processing interactions batch 430001 to 431000 of 496052
2025-06-22 20:51:51,381 - src.database.database - INFO - Processing interactions batch 431001 to 432000 of 496052
2025-06-22 20:51:51,533 - src.database.database - INFO - Processing interactions batch 432001 to 433000 of 496052
2025-06-22 20:51:51,702 - src.database.database - INFO - Processing interactions batch 433001 to 434000 of 496052
2025-06-22 20:51:51,845 - src.database.database - INFO - Processing interactions batch 434001 to 435000 of 496052
2025-06-22 20:51:51,987 - src.database.database - INFO - Processing interactions batch 435001 to 436000 of 496052
2025-06-22 20:51:52,137 - src.database.database - INFO - Processing interactions batch 436001 to 437000 of 496052
2025-06-22 20:51:52,270 - src.database.database - INFO - Processing interactions batch 437001 to 438000 of 496052
2025-06-22 20:51:52,407 - src.database.database - INFO - Processing interactions batch 438001 to 439000 of 496052
2025-06-22 20:51:52,553 - src.database.database - INFO - Processing interactions batch 439001 to 440000 of 496052
2025-06-22 20:51:52,703 - src.database.database - INFO - Processing interactions batch 440001 to 441000 of 496052
2025-06-22 20:51:52,857 - src.database.database - INFO - Processing interactions batch 441001 to 442000 of 496052
2025-06-22 20:51:53,006 - src.database.database - INFO - Processing interactions batch 442001 to 443000 of 496052
2025-06-22 20:51:53,133 - src.database.database - INFO - Processing interactions batch 443001 to 444000 of 496052
2025-06-22 20:51:53,282 - src.database.database - INFO - Processing interactions batch 444001 to 445000 of 496052
2025-06-22 20:51:53,423 - src.database.database - INFO - Processing interactions batch 445001 to 446000 of 496052
2025-06-22 20:51:53,558 - src.database.database - INFO - Processing interactions batch 446001 to 447000 of 496052
2025-06-22 20:51:53,704 - src.database.database - INFO - Processing interactions batch 447001 to 448000 of 496052
2025-06-22 20:51:53,843 - src.database.database - INFO - Processing interactions batch 448001 to 449000 of 496052
2025-06-22 20:51:53,988 - src.database.database - INFO - Processing interactions batch 449001 to 450000 of 496052
2025-06-22 20:51:54,129 - src.database.database - INFO - Processing interactions batch 450001 to 451000 of 496052
2025-06-22 20:51:54,269 - src.database.database - INFO - Processing interactions batch 451001 to 452000 of 496052
2025-06-22 20:51:54,410 - src.database.database - INFO - Processing interactions batch 452001 to 453000 of 496052
2025-06-22 20:51:54,539 - src.database.database - INFO - Processing interactions batch 453001 to 454000 of 496052
2025-06-22 20:51:54,670 - src.database.database - INFO - Processing interactions batch 454001 to 455000 of 496052
2025-06-22 20:51:54,811 - src.database.database - INFO - Processing interactions batch 455001 to 456000 of 496052
2025-06-22 20:51:55,172 - src.database.database - INFO - Processing interactions batch 456001 to 457000 of 496052
2025-06-22 20:51:55,575 - src.database.database - INFO - Processing interactions batch 457001 to 458000 of 496052
2025-06-22 20:51:55,956 - src.database.database - INFO - Processing interactions batch 458001 to 459000 of 496052
2025-06-22 20:51:56,610 - src.database.database - INFO - Processing interactions batch 459001 to 460000 of 496052
2025-06-22 20:51:57,620 - src.database.database - INFO - Processing interactions batch 460001 to 461000 of 496052
2025-06-22 20:51:58,438 - src.database.database - INFO - Processing interactions batch 461001 to 462000 of 496052
2025-06-22 20:51:59,330 - src.database.database - INFO - Processing interactions batch 462001 to 463000 of 496052
2025-06-22 20:52:00,226 - src.database.database - INFO - Processing interactions batch 463001 to 464000 of 496052
2025-06-22 20:52:01,122 - src.database.database - INFO - Processing interactions batch 464001 to 465000 of 496052
2025-06-22 20:52:02,010 - src.database.database - INFO - Processing interactions batch 465001 to 466000 of 496052
2025-06-22 20:52:02,931 - src.database.database - INFO - Processing interactions batch 466001 to 467000 of 496052
2025-06-22 20:52:03,999 - src.database.database - INFO - Processing interactions batch 467001 to 468000 of 496052
2025-06-22 20:52:05,006 - src.database.database - INFO - Processing interactions batch 468001 to 469000 of 496052
2025-06-22 20:52:05,868 - src.database.database - INFO - Processing interactions batch 469001 to 470000 of 496052
2025-06-22 20:52:06,225 - src.database.database - INFO - Processing interactions batch 470001 to 471000 of 496052
2025-06-22 20:52:06,860 - src.database.database - INFO - Processing interactions batch 471001 to 472000 of 496052
2025-06-22 20:52:08,032 - src.database.database - INFO - Processing interactions batch 472001 to 473000 of 496052
2025-06-22 20:52:09,026 - src.database.database - INFO - Processing interactions batch 473001 to 474000 of 496052
2025-06-22 20:52:09,421 - src.database.database - INFO - Processing interactions batch 474001 to 475000 of 496052
2025-06-22 20:52:09,755 - src.database.database - INFO - Processing interactions batch 475001 to 476000 of 496052
2025-06-22 20:52:10,132 - src.database.database - INFO - Processing interactions batch 476001 to 477000 of 496052
2025-06-22 20:52:10,565 - src.database.database - INFO - Processing interactions batch 477001 to 478000 of 496052
2025-06-22 20:52:10,958 - src.database.database - INFO - Processing interactions batch 478001 to 479000 of 496052
2025-06-22 20:52:11,292 - src.database.database - INFO - Processing interactions batch 479001 to 480000 of 496052
2025-06-22 20:52:11,427 - src.database.database - INFO - Processing interactions batch 480001 to 481000 of 496052
2025-06-22 20:52:11,568 - src.database.database - INFO - Processing interactions batch 481001 to 482000 of 496052
2025-06-22 20:52:11,709 - src.database.database - INFO - Processing interactions batch 482001 to 483000 of 496052
2025-06-22 20:52:11,847 - src.database.database - INFO - Processing interactions batch 483001 to 484000 of 496052
2025-06-22 20:52:11,984 - src.database.database - INFO - Processing interactions batch 484001 to 485000 of 496052
2025-06-22 20:52:12,119 - src.database.database - INFO - Processing interactions batch 485001 to 486000 of 496052
2025-06-22 20:52:12,252 - src.database.database - INFO - Processing interactions batch 486001 to 487000 of 496052
2025-06-22 20:52:12,394 - src.database.database - INFO - Processing interactions batch 487001 to 488000 of 496052
2025-06-22 20:52:12,523 - src.database.database - INFO - Processing interactions batch 488001 to 489000 of 496052
2025-06-22 20:52:12,656 - src.database.database - INFO - Processing interactions batch 489001 to 490000 of 496052
2025-06-22 20:52:12,789 - src.database.database - INFO - Processing interactions batch 490001 to 491000 of 496052
2025-06-22 20:52:12,925 - src.database.database - INFO - Processing interactions batch 491001 to 492000 of 496052
2025-06-22 20:52:13,055 - src.database.database - INFO - Processing interactions batch 492001 to 493000 of 496052
2025-06-22 20:52:13,188 - src.database.database - INFO - Processing interactions batch 493001 to 494000 of 496052
2025-06-22 20:52:13,318 - src.database.database - INFO - Processing interactions batch 494001 to 495000 of 496052
2025-06-22 20:52:13,517 - src.database.database - INFO - Processing interactions batch 495001 to 496000 of 496052
2025-06-22 20:52:13,638 - src.database.database - INFO - Processing interactions batch 496001 to 496052 of 496052
2025-06-22 20:52:13,648 - src.database.database - INFO - Interactions data loaded into database
2025-06-22 20:52:13,652 - src.database.database - INFO - Database setup completed successfully.
2025-06-22 20:52:13,653 - src.api.main - INFO - Database initialized and data loaded successfully
2025-06-22 20:52:13,654 - src.models.model - INFO - Loaded SVD model
2025-06-22 20:52:13,669 - src.models.model - INFO - Loaded TF-IDF vectorizer
2025-06-22 20:52:13,670 - src.models.model - INFO - Loaded context model
2025-06-22 20:52:13,671 - src.models.model - INFO - Loaded item features
2025-06-22 20:52:13,689 - src.models.model - INFO - Loaded item ID to index mapping
2025-06-22 20:52:13,700 - src.models.model - INFO - Loaded user ID to index mapping
2025-06-22 20:52:13,715 - src.models.model - INFO - Loaded items dataframe
2025-06-22 20:52:13,717 - src.models.model - INFO - Loaded user factors
2025-06-22 20:52:13,719 - src.models.model - INFO - Loaded item factors
2025-06-22 20:52:13,840 - src.models.model - INFO - Loaded user-item matrix
2025-06-22 20:52:13,841 - src.models.model - INFO - Loaded 5001 user IDs
2025-06-22 20:52:13,841 - src.models.model - INFO - Loaded 7696 item IDs
2025-06-22 20:52:15,590 - engineio.server - ERROR - http://localhost:3000 is not an accepted origin. (further occurrences of this error will be logged with level INFO)
2025-06-22 20:52:20,955 - engineio.server - INFO - http://localhost:3000 is not an accepted origin.
2025-06-22 20:52:26,319 - engineio.server - INFO - http://localhost:3000 is not an accepted origin.
2025-06-22 20:52:31,694 - engineio.server - INFO - http://localhost:3000 is not an accepted origin.
2025-06-22 20:52:37,083 - engineio.server - INFO - http://localhost:3000 is not an accepted origin.
2025-06-22 20:52:42,678 - engineio.server - INFO - http://localhost:3000 is not an accepted origin.
2025-06-22 20:52:48,397 - engineio.server - INFO - http://localhost:3000 is not an accepted origin.
2025-06-22 20:52:54,380 - engineio.server - INFO - http://localhost:3000 is not an accepted origin.
2025-06-22 20:53:00,995 - engineio.server - INFO - http://localhost:3000 is not an accepted origin.
2025-06-22 20:53:08,908 - engineio.server - INFO - http://localhost:3000 is not an accepted origin.
2025-06-22 20:53:13,976 - src.api.main - INFO - Shutting down API server...
2025-06-22 20:53:14,247 - src.models.model - INFO - Saved all models to disk
2025-06-22 20:53:14,248 - src.api.main - INFO - Recommendation engine models saved
